<?xml version="1.0" encoding="UTF-8"?>
<testng-results ignored="0" total="4" passed="3" failed="1" skipped="0">
  <reporter-output>
  </reporter-output>
  <suite started-at="2023-09-22T14:05:13 WIB" name="Suite" finished-at="2023-09-22T14:07:02 WIB" duration-ms="109022">
    <groups>
    </groups>
    <test started-at="2023-09-22T14:05:13 WIB" name="Test" finished-at="2023-09-22T14:07:02 WIB" duration-ms="109022">
      <class name="org.fadhilacademy.TC_Login.TC_LoginWrongPhonePassword">
        <test-method is-config="true" signature="ConfigureAppium()[pri:0, instance:org.fadhilacademy.TC_Login.TC_LoginWrongPhonePassword@2654635]" started-at="2023-09-22T14:06:11 WIB" name="ConfigureAppium" finished-at="2023-09-22T14:06:21 WIB" duration-ms="9746" status="PASS">
          <reporter-output>
          </reporter-output>
        </test-method> <!-- ConfigureAppium -->
        <test-method signature="TC_LoginWrongPhonePassword(java.util.HashMap)[pri:0, instance:org.fadhilacademy.TC_Login.TC_LoginWrongPhonePassword@2654635]" started-at="2023-09-22T14:06:21 WIB" name="TC_LoginWrongPhonePassword" data-provider="getData" finished-at="2023-09-22T14:06:35 WIB" duration-ms="13987" status="PASS">
          <params>
            <param index="0">
              <value>
                <![CDATA[{phone=081389868449, password=ngasal}]]>
              </value>
            </param>
          </params>
          <reporter-output>
          </reporter-output>
        </test-method> <!-- TC_LoginWrongPhonePassword -->
        <test-method is-config="true" signature="tearDown()[pri:0, instance:org.fadhilacademy.TC_Login.TC_LoginWrongPhonePassword@2654635]" started-at="2023-09-22T14:06:35 WIB" name="tearDown" finished-at="2023-09-22T14:06:36 WIB" duration-ms="569" status="PASS">
          <reporter-output>
          </reporter-output>
        </test-method> <!-- tearDown -->
      </class> <!-- org.fadhilacademy.TC_Login.TC_LoginWrongPhonePassword -->
      <class name="org.fadhilacademy.TC_Login.TC_SuccessLoginSignOut">
        <test-method is-config="true" signature="ConfigureAppium()[pri:0, instance:org.fadhilacademy.TC_Login.TC_SuccessLoginSignOut@2eee3069]" started-at="2023-09-22T14:05:13 WIB" name="ConfigureAppium" finished-at="2023-09-22T14:05:25 WIB" duration-ms="11535" status="PASS">
          <reporter-output>
          </reporter-output>
        </test-method> <!-- ConfigureAppium -->
        <test-method signature="TC_SuccessLoginSignOut(java.util.HashMap)[pri:0, instance:org.fadhilacademy.TC_Login.TC_SuccessLoginSignOut@2eee3069]" started-at="2023-09-22T14:05:25 WIB" name="TC_SuccessLoginSignOut" data-provider="getData" finished-at="2023-09-22T14:05:49 WIB" duration-ms="23798" status="FAIL">
          <params>
            <param index="0">
              <value>
                <![CDATA[{loginWith=phone, password=visionplus, username=081389868449}]]>
              </value>
            </param>
          </params>
          <exception class="org.openqa.selenium.NoSuchElementException">
            <message>
              <![CDATA[Can't locate an element by this strategy: By.chained({AppiumBy.id: com.zte.iptvclient.android.idmnc:id/tv_notification})]]>
            </message>
            <full-stacktrace>
              <![CDATA[org.openqa.selenium.NoSuchElementException: Can't locate an element by this strategy: By.chained({AppiumBy.id: com.zte.iptvclient.android.idmnc:id/tv_notification})
at io.appium.java_client.pagefactory.AppiumElementLocator.findElement(AppiumElementLocator.java:125)
at io.appium.java_client.pagefactory.interceptors.InterceptorOfASingleElement.call(InterceptorOfASingleElement.java:54)
at io.appium.java_client.proxy.Interceptor.intercept(Interceptor.java:75)
at org.openqa.selenium.remote.RemoteWebElement$ByteBuddy$a7pKYWXt.click(Unknown Source)
at org.fadhilacademy.pageObjects.android.HomePageVisionPlus.removePopupSub(HomePageVisionPlus.java:95)
at org.fadhilacademy.TC_Login.TC_SuccessLoginSignOut.TC_SuccessLoginSignOut(TC_SuccessLoginSignOut.java:37)
at java.base/jdk.internal.reflect.NativeMethodAccessorImpl.invoke0(Native Method)
at java.base/jdk.internal.reflect.NativeMethodAccessorImpl.invoke(NativeMethodAccessorImpl.java:77)
at java.base/jdk.internal.reflect.DelegatingMethodAccessorImpl.invoke(DelegatingMethodAccessorImpl.java:43)
at java.base/java.lang.reflect.Method.invoke(Method.java:568)
at org.testng.internal.invokers.MethodInvocationHelper.invokeMethod(MethodInvocationHelper.java:139)
at org.testng.internal.invokers.TestInvoker.invokeMethod(TestInvoker.java:664)
at org.testng.internal.invokers.TestInvoker.invokeTestMethod(TestInvoker.java:227)
at org.testng.internal.invokers.MethodRunner.runInSequence(MethodRunner.java:50)
at org.testng.internal.invokers.TestInvoker$MethodInvocationAgent.invoke(TestInvoker.java:957)
at org.testng.internal.invokers.TestInvoker.invokeTestMethods(TestInvoker.java:200)
at org.testng.internal.invokers.TestMethodWorker.invokeTestMethods(TestMethodWorker.java:148)
at org.testng.internal.invokers.TestMethodWorker.run(TestMethodWorker.java:128)
at java.base/java.util.ArrayList.forEach(ArrayList.java:1511)
at org.testng.TestRunner.privateRun(TestRunner.java:848)
at org.testng.TestRunner.run(TestRunner.java:621)
at org.testng.SuiteRunner.runTest(SuiteRunner.java:443)
at org.testng.SuiteRunner.runSequentially(SuiteRunner.java:437)
at org.testng.SuiteRunner.privateRun(SuiteRunner.java:397)
at org.testng.SuiteRunner.run(SuiteRunner.java:336)
at org.testng.SuiteRunnerWorker.runSuite(SuiteRunnerWorker.java:52)
at org.testng.SuiteRunnerWorker.run(SuiteRunnerWorker.java:95)
at org.testng.TestNG.runSuitesSequentially(TestNG.java:1280)
at org.testng.TestNG.runSuitesLocally(TestNG.java:1200)
at org.testng.TestNG.runSuites(TestNG.java:1114)
at org.testng.TestNG.run(TestNG.java:1082)
at org.testng.remote.AbstractRemoteTestNG.run(AbstractRemoteTestNG.java:115)
at org.testng.remote.RemoteTestNG.initAndRun(RemoteTestNG.java:251)
at org.testng.remote.RemoteTestNG.main(RemoteTestNG.java:77)
Caused by: org.openqa.selenium.TimeoutException: Expected condition failed: waiting for io.appium.java_client.pagefactory.AppiumElementLocator$WaitingFunction@9be7319 (tried for 1 second(s) with 500 milliseconds interval)
at org.openqa.selenium.support.ui.FluentWait.timeoutException(FluentWait.java:262)
at org.openqa.selenium.support.ui.FluentWait.until(FluentWait.java:230)
at io.appium.java_client.pagefactory.AppiumElementLocator.waitFor(AppiumElementLocator.java:98)
at io.appium.java_client.pagefactory.AppiumElementLocator.findElement(AppiumElementLocator.java:118)
... 33 more
Caused by: org.openqa.selenium.NoSuchElementException: Cannot locate an element using By.chained({AppiumBy.id: com.zte.iptvclient.android.idmnc:id/tv_notification})
For documentation on this error, please visit: https://www.selenium.dev/documentation/webdriver/troubleshooting/errors#no-such-element-exception
Build info: version: '4.11.0', revision: '040bc5406b'
System info: os.name: 'Mac OS X', os.arch: 'x86_64', os.version: '13.5.2', java.version: '17.0.8.1'
Driver info: driver.version: RemoteWebDriver
at io.appium.java_client.pagefactory.bys.builder.ByChained.findElement(ByChained.java:77)
at org.openqa.selenium.remote.ElementLocation$ElementFinder$1.findElement(ElementLocation.java:139)
at org.openqa.selenium.remote.ElementLocation.findElement(ElementLocation.java:59)
at org.openqa.selenium.remote.RemoteWebDriver.findElement(RemoteWebDriver.java:355)
at org.openqa.selenium.remote.RemoteWebDriver.findElement(RemoteWebDriver.java:349)
at io.appium.java_client.pagefactory.bys.ContentMappedBy.findElement(ContentMappedBy.java:50)
at org.openqa.selenium.remote.ElementLocation$ElementFinder$1.findElement(ElementLocation.java:139)
at org.openqa.selenium.remote.ElementLocation.findElement(ElementLocation.java:59)
at org.openqa.selenium.remote.RemoteWebDriver.findElement(RemoteWebDriver.java:355)
at org.openqa.selenium.remote.RemoteWebDriver.findElement(RemoteWebDriver.java:349)
at io.appium.java_client.pagefactory.AppiumElementLocator.lambda$findElement$0(AppiumElementLocator.java:119)
at io.appium.java_client.pagefactory.AppiumElementLocator$WaitingFunction.apply(AppiumElementLocator.java:171)
at io.appium.java_client.pagefactory.AppiumElementLocator$WaitingFunction.apply(AppiumElementLocator.java:164)
at org.openqa.selenium.support.ui.FluentWait.until(FluentWait.java:205)
... 35 more
]]>
            </full-stacktrace>
          </exception> <!-- org.openqa.selenium.NoSuchElementException -->
          <reporter-output>
          </reporter-output>
        </test-method> <!-- TC_SuccessLoginSignOut -->
        <test-method is-config="true" signature="tearDown()[pri:0, instance:org.fadhilacademy.TC_Login.TC_SuccessLoginSignOut@2eee3069]" started-at="2023-09-22T14:05:49 WIB" name="tearDown" finished-at="2023-09-22T14:05:50 WIB" duration-ms="1031" status="PASS">
          <reporter-output>
          </reporter-output>
        </test-method> <!-- tearDown -->
      </class> <!-- org.fadhilacademy.TC_Login.TC_SuccessLoginSignOut -->
      <class name="org.fadhilacademy.TC_Homepage.TC_ScrollDownUp">
        <test-method is-config="true" signature="ConfigureAppium()[pri:0, instance:org.fadhilacademy.TC_Homepage.TC_ScrollDownUp@737a135b]" started-at="2023-09-22T14:06:36 WIB" name="ConfigureAppium" finished-at="2023-09-22T14:06:45 WIB" duration-ms="9681" status="PASS">
          <reporter-output>
          </reporter-output>
        </test-method> <!-- ConfigureAppium -->
        <test-method signature="TC_ScrollDownUp()[pri:0, instance:org.fadhilacademy.TC_Homepage.TC_ScrollDownUp@737a135b]" started-at="2023-09-22T14:06:45 WIB" name="TC_ScrollDownUp" finished-at="2023-09-22T14:07:02 WIB" duration-ms="16327" status="PASS">
          <reporter-output>
          </reporter-output>
        </test-method> <!-- TC_ScrollDownUp -->
        <test-method is-config="true" signature="tearDown()[pri:0, instance:org.fadhilacademy.TC_Homepage.TC_ScrollDownUp@737a135b]" started-at="2023-09-22T14:07:02 WIB" name="tearDown" finished-at="2023-09-22T14:07:02 WIB" duration-ms="632" status="PASS">
          <reporter-output>
          </reporter-output>
        </test-method> <!-- tearDown -->
      </class> <!-- org.fadhilacademy.TC_Homepage.TC_ScrollDownUp -->
      <class name="org.fadhilacademy.TC_Login.TC_LoginWrongPhoneNumber">
        <test-method is-config="true" signature="ConfigureAppium()[pri:0, instance:org.fadhilacademy.TC_Login.TC_LoginWrongPhoneNumber@130dca52]" started-at="2023-09-22T14:05:50 WIB" name="ConfigureAppium" finished-at="2023-09-22T14:06:00 WIB" duration-ms="9857" status="PASS">
          <reporter-output>
          </reporter-output>
        </test-method> <!-- ConfigureAppium -->
        <test-method signature="TC_LoginWrongPhoneNumber(java.util.HashMap)[pri:0, instance:org.fadhilacademy.TC_Login.TC_LoginWrongPhoneNumber@130dca52]" started-at="2023-09-22T14:06:00 WIB" name="TC_LoginWrongPhoneNumber" data-provider="getData" finished-at="2023-09-22T14:06:11 WIB" duration-ms="10548" status="PASS">
          <params>
            <param index="0">
              <value>
                <![CDATA[{phone=999999999999}]]>
              </value>
            </param>
          </params>
          <reporter-output>
          </reporter-output>
        </test-method> <!-- TC_LoginWrongPhoneNumber -->
        <test-method is-config="true" signature="tearDown()[pri:0, instance:org.fadhilacademy.TC_Login.TC_LoginWrongPhoneNumber@130dca52]" started-at="2023-09-22T14:06:11 WIB" name="tearDown" finished-at="2023-09-22T14:06:11 WIB" duration-ms="478" status="PASS">
          <reporter-output>
          </reporter-output>
        </test-method> <!-- tearDown -->
      </class> <!-- org.fadhilacademy.TC_Login.TC_LoginWrongPhoneNumber -->
    </test> <!-- Test -->
  </suite> <!-- Suite -->
</testng-results>
